<?xml version="1.0" encoding="UTF-8"?>
<!-- Generated by org.testng.reporters.JUnitXMLReporter -->
<testsuite hostname="DESKTOP-QT2S8L5" ignored="0" name="ActiTime_Demo" tests="11" failures="0" timestamp="08 May 2021 09:46:10 GMT" time="166.927" errors="0">
  <testcase name="custCreation" time="1.694" classname="com.crm.qa.testcases.TaskPageTest"/>
  <testcase name="custCreation" time="1.771" classname="com.crm.qa.testcases.TaskPageTest"/>
  <testcase name="custCreation" time="1.757" classname="com.crm.qa.testcases.TaskPageTest"/>
  <testcase name="validateTaskTitle" time="0.032" classname="com.crm.qa.testcases.TaskPageTest"/>
  <testcase name="forgotPwdLink" time="0.445" classname="com.crm.qa.testcases.LoginPageTest"/>
  <testcase name="login" time="0.333" classname="com.crm.qa.testcases.LoginPageTest"/>
  <testcase name="loginPageTitleTest" time="0.016" classname="com.crm.qa.testcases.LoginPageTest"/>
  <testcase name="validateLogo" time="0.058" classname="com.crm.qa.testcases.LoginPageTest"/>
  <testcase name="changeUser" time="2.723" classname="com.crm.qa.testcases.HomePageTest"/>
  <testcase name="clickTakLink" time="3.144" classname="com.crm.qa.testcases.HomePageTest"/>
  <testcase name="validateHomePageTitle" time="0.136" classname="com.crm.qa.testcases.HomePageTest"/>
</testsuite> <!-- ActiTime_Demo -->
