<?xml version="1.0" encoding="UTF-8"?>
<!-- Generated by org.testng.reporters.JUnitXMLReporter -->
<testsuite hostname="DESKTOP-QT2S8L5" ignored="0" name="Default test" tests="4" failures="0" timestamp="08 May 2021 05:38:50 GMT" time="58.144" errors="0">
  <testcase name="forgotPwdLink" time="0.541" classname="com.crm.qa.testcases.LoginPageTest"/>
  <testcase name="login" time="0.856" classname="com.crm.qa.testcases.LoginPageTest"/>
  <testcase name="loginPageTitleTest" time="0.02" classname="com.crm.qa.testcases.LoginPageTest"/>
  <testcase name="validateLogo" time="0.07" classname="com.crm.qa.testcases.LoginPageTest"/>
</testsuite> <!-- Default test -->
