<?xml version="1.0" encoding="UTF-8"?>
<!-- Generated by org.testng.reporters.JUnitXMLReporter -->
<testsuite hostname="DESKTOP-QT2S8L5" ignored="0" name="ActiTimeTest" tests="11" failures="0" timestamp="09 May 2021 04:38:27 GMT" time="184.05" errors="0">
  <testcase name="custCreation" time="2.579" classname="com.crm.qa.testcases.TaskPageTest"/>
  <testcase name="custCreation" time="1.147" classname="com.crm.qa.testcases.TaskPageTest"/>
  <testcase name="custCreation" time="1.2" classname="com.crm.qa.testcases.TaskPageTest"/>
  <testcase name="validateTaskTitle" time="0.031" classname="com.crm.qa.testcases.TaskPageTest"/>
  <testcase name="forgotPwdLink" time="0.389" classname="com.crm.qa.testcases.LoginPageTest"/>
  <testcase name="login" time="0.316" classname="com.crm.qa.testcases.LoginPageTest"/>
  <testcase name="loginPageTitleTest" time="0.008" classname="com.crm.qa.testcases.LoginPageTest"/>
  <testcase name="validateLogo" time="0.061" classname="com.crm.qa.testcases.LoginPageTest"/>
  <testcase name="changeUser" time="3.947" classname="com.crm.qa.testcases.HomePageTest"/>
  <testcase name="clickTakLink" time="3.299" classname="com.crm.qa.testcases.HomePageTest"/>
  <testcase name="validateHomePageTitle" time="0.008" classname="com.crm.qa.testcases.HomePageTest"/>
</testsuite> <!-- ActiTimeTest -->
